2025-08-26 13:16:26 [main] INFO  b.c.o.j.RecruitingPlatformApplication - Starting RecruitingPlatformApplication using Java 21.0.8 with PID 5696 (C:\Users\samil\Desktop\Cosas de Samil Alberto\Certificados Samil\Cursos de Tecnología\ONE\Tech Avanced\Recruiting-Platform\server\target\classes started by samil in C:\Users\samil\Desktop\Cosas de Samil Alberto\Certificados Samil\Cursos de Tecnología\ONE\Tech Avanced\Recruiting-Platform)
2025-08-26 13:16:26 [main] INFO  b.c.o.j.RecruitingPlatformApplication - No active profile set, falling back to 1 default profile: "default"
2025-08-26 13:16:32 [main] INFO  o.s.d.r.c.RepositoryConfigurationDelegate - Bootstrapping Spring Data JPA repositories in DEFAULT mode.
2025-08-26 13:16:33 [main] INFO  o.s.d.r.c.RepositoryConfigurationDelegate - Finished Spring Data repository scanning in 433 ms. Found 3 JPA repository interfaces.
2025-08-26 13:16:39 [main] INFO  o.s.b.w.e.tomcat.TomcatWebServer - Tomcat initialized with port 5000 (http)
2025-08-26 13:16:39 [main] INFO  o.a.catalina.core.StandardService - Starting service [Tomcat]
2025-08-26 13:16:39 [main] INFO  o.a.catalina.core.StandardEngine - Starting Servlet engine: [Apache Tomcat/10.1.19]
2025-08-26 13:16:39 [main] INFO  o.a.c.c.C.[Tomcat].[localhost].[/] - Initializing Spring embedded WebApplicationContext
2025-08-26 13:16:39 [main] INFO  o.s.b.w.s.c.ServletWebServerApplicationContext - Root WebApplicationContext: initialization completed in 12303 ms
2025-08-26 13:16:40 [main] INFO  o.h.jpa.internal.util.LogHelper - HHH000204: Processing PersistenceUnitInfo [name: default]
2025-08-26 13:16:40 [main] INFO  org.hibernate.Version - HHH000412: Hibernate ORM core version 6.4.4.Final
2025-08-26 13:16:40 [main] INFO  o.h.c.i.RegionFactoryInitiator - HHH000026: Second-level cache disabled
2025-08-26 13:16:42 [main] INFO  o.s.o.j.p.SpringPersistenceUnitInfo - No LoadTimeWeaver setup: ignoring JPA class transformer
2025-08-26 13:16:42 [main] INFO  com.zaxxer.hikari.HikariDataSource - HikariPool-1 - Starting...
2025-08-26 13:16:42 [main] INFO  com.zaxxer.hikari.pool.HikariPool - HikariPool-1 - Added connection com.mysql.cj.jdbc.ConnectionImpl@64a1116a
2025-08-26 13:16:42 [main] INFO  com.zaxxer.hikari.HikariDataSource - HikariPool-1 - Start completed.
2025-08-26 13:16:42 [main] WARN  org.hibernate.orm.deprecation - HHH90000025: MySQL8Dialect does not need to be specified explicitly using 'hibernate.dialect' (remove the property setting and it will be selected by default)
2025-08-26 13:16:42 [main] WARN  org.hibernate.orm.deprecation - HHH90000026: MySQL8Dialect has been deprecated; use org.hibernate.dialect.MySQLDialect instead
2025-08-26 13:16:45 [main] INFO  o.h.e.t.j.p.i.JtaPlatformInitiator - HHH000489: No JTA platform available (set 'hibernate.transaction.jta.platform' to enable JTA platform integration)
2025-08-26 13:16:46 [main] DEBUG org.hibernate.SQL - 
    create table applications (
        id bigint not null auto_increment,
        cover_letter TEXT,
        created_at datetime(6) not null,
        notes TEXT,
        resume_path varchar(255),
        status enum ('PENDING','REVIEWING','INTERVIEW','REJECTED','ACCEPTED','WITHDRAWN') not null,
        status_changed_at datetime(6),
        updated_at datetime(6),
        candidate_id bigint not null,
        job_id bigint not null,
        primary key (id)
    ) engine=InnoDB
2025-08-26 13:16:48 [main] DEBUG org.hibernate.SQL - 
    create table jobs (
        id bigint not null auto_increment,
        active bit not null,
        closed_at datetime(6),
        company varchar(255) not null,
        created_at datetime(6) not null,
        description TEXT not null,
        employment_type enum ('FULL_TIME','PART_TIME','CONTRACT','INTERNSHIP') not null,
        experience_level enum ('ENTRY','JUNIOR','MID','SENIOR','LEAD') not null,
        location varchar(255) not null,
        salary_currency varchar(255),
        salary_max decimal(38,2),
        salary_min decimal(38,2),
        title varchar(255) not null,
        updated_at datetime(6),
        recruiter_id bigint not null,
        primary key (id)
    ) engine=InnoDB
2025-08-26 13:16:48 [main] DEBUG org.hibernate.SQL - 
    create table users (
        id bigint not null auto_increment,
        active bit not null,
        company varchar(255),
        created_at datetime(6) not null,
        email varchar(255) not null,
        name varchar(255) not null,
        password varchar(255) not null,
        phone varchar(255),
        resume varchar(255),
        role enum ('CANDIDATE','RECRUITER','ADMIN') not null,
        updated_at datetime(6),
        primary key (id)
    ) engine=InnoDB
2025-08-26 13:16:48 [main] DEBUG org.hibernate.SQL - 
    alter table users 
       drop index UK_6dotkott2kjsp8vw4d0m25fb7
2025-08-26 13:16:48 [main] DEBUG org.hibernate.SQL - 
    alter table users 
       add constraint UK_6dotkott2kjsp8vw4d0m25fb7 unique (email)
2025-08-26 13:16:49 [main] DEBUG org.hibernate.SQL - 
    alter table applications 
       add constraint FK32iahkg1fqci0pt76uql80nj7 
       foreign key (candidate_id) 
       references users (id)
2025-08-26 13:16:49 [main] DEBUG org.hibernate.SQL - 
    alter table applications 
       add constraint FK65weib1lru9dkrbto5pv389vi 
       foreign key (job_id) 
       references jobs (id)
2025-08-26 13:16:49 [main] DEBUG org.hibernate.SQL - 
    alter table jobs 
       add constraint FK9syuy0yp9a2c0fkr98pvxpb8m 
       foreign key (recruiter_id) 
       references users (id)
2025-08-26 13:16:49 [main] INFO  o.s.o.j.LocalContainerEntityManagerFactoryBean - Initialized JPA EntityManagerFactory for persistence unit 'default'
2025-08-26 13:16:58 [main] INFO  o.s.b.w.e.tomcat.TomcatWebServer - Tomcat started on port 5000 (http) with context path ''
2025-08-26 13:16:58 [main] INFO  b.c.o.j.RecruitingPlatformApplication - Started RecruitingPlatformApplication in 36.23 seconds (process running for 40.0)
2025-08-26 13:17:28 [http-nio-5000-exec-1] INFO  o.a.c.c.C.[Tomcat].[localhost].[/] - Initializing Spring DispatcherServlet 'dispatcherServlet'
2025-08-26 13:17:28 [http-nio-5000-exec-1] INFO  o.s.web.servlet.DispatcherServlet - Initializing Servlet 'dispatcherServlet'
2025-08-26 13:17:28 [http-nio-5000-exec-1] INFO  o.s.web.servlet.DispatcherServlet - Completed initialization in 6 ms
2025-08-26 13:41:42 [SpringApplicationShutdownHook] INFO  o.s.o.j.LocalContainerEntityManagerFactoryBean - Closing JPA EntityManagerFactory for persistence unit 'default'
2025-08-26 13:41:42 [SpringApplicationShutdownHook] INFO  com.zaxxer.hikari.HikariDataSource - HikariPool-1 - Shutdown initiated...
2025-08-26 13:41:42 [SpringApplicationShutdownHook] INFO  com.zaxxer.hikari.HikariDataSource - HikariPool-1 - Shutdown completed.
2025-08-26 16:53:02 [main] INFO  b.c.o.j.RecruitingPlatformApplication - Starting RecruitingPlatformApplication using Java 22.0.1 with PID 1684 (C:\Users\samil\Desktop\Cosas de Samil Alberto\Certificados Samil\Cursos de Tecnología\ONE\Tech Avanced\Recruiting-Platform\server\target\classes started by samil in C:\Users\samil\Desktop\Cosas de Samil Alberto\Certificados Samil\Cursos de Tecnología\ONE\Tech Avanced\Recruiting-Platform)
2025-08-26 16:53:02 [main] INFO  b.c.o.j.RecruitingPlatformApplication - No active profile set, falling back to 1 default profile: "default"
2025-08-26 16:53:05 [main] INFO  o.s.d.r.c.RepositoryConfigurationDelegate - Bootstrapping Spring Data JPA repositories in DEFAULT mode.
2025-08-26 16:53:05 [main] INFO  o.s.d.r.c.RepositoryConfigurationDelegate - Finished Spring Data repository scanning in 243 ms. Found 3 JPA repository interfaces.
2025-08-26 16:53:07 [main] INFO  o.s.b.w.e.tomcat.TomcatWebServer - Tomcat initialized with port 5000 (http)
2025-08-26 16:53:07 [main] INFO  o.a.catalina.core.StandardService - Starting service [Tomcat]
2025-08-26 16:53:07 [main] INFO  o.a.catalina.core.StandardEngine - Starting Servlet engine: [Apache Tomcat/10.1.19]
2025-08-26 16:53:07 [main] INFO  o.a.c.c.C.[Tomcat].[localhost].[/] - Initializing Spring embedded WebApplicationContext
2025-08-26 16:53:07 [main] INFO  o.s.b.w.s.c.ServletWebServerApplicationContext - Root WebApplicationContext: initialization completed in 5394 ms
2025-08-26 16:53:08 [main] INFO  o.h.jpa.internal.util.LogHelper - HHH000204: Processing PersistenceUnitInfo [name: default]
2025-08-26 16:53:08 [main] INFO  org.hibernate.Version - HHH000412: Hibernate ORM core version 6.4.4.Final
2025-08-26 16:53:08 [main] INFO  o.h.c.i.RegionFactoryInitiator - HHH000026: Second-level cache disabled
2025-08-26 16:53:09 [main] INFO  o.s.o.j.p.SpringPersistenceUnitInfo - No LoadTimeWeaver setup: ignoring JPA class transformer
2025-08-26 16:53:09 [main] INFO  com.zaxxer.hikari.HikariDataSource - HikariPool-1 - Starting...
2025-08-26 16:53:10 [main] INFO  com.zaxxer.hikari.pool.HikariPool - HikariPool-1 - Added connection com.mysql.cj.jdbc.ConnectionImpl@5280688
2025-08-26 16:53:10 [main] INFO  com.zaxxer.hikari.HikariDataSource - HikariPool-1 - Start completed.
2025-08-26 16:53:10 [main] WARN  org.hibernate.orm.deprecation - HHH90000025: MySQL8Dialect does not need to be specified explicitly using 'hibernate.dialect' (remove the property setting and it will be selected by default)
2025-08-26 16:53:10 [main] WARN  org.hibernate.orm.deprecation - HHH90000026: MySQL8Dialect has been deprecated; use org.hibernate.dialect.MySQLDialect instead
2025-08-26 16:53:13 [main] INFO  o.h.e.t.j.p.i.JtaPlatformInitiator - HHH000489: No JTA platform available (set 'hibernate.transaction.jta.platform' to enable JTA platform integration)
2025-08-26 16:53:13 [main] INFO  o.s.o.j.LocalContainerEntityManagerFactoryBean - Initialized JPA EntityManagerFactory for persistence unit 'default'
2025-08-26 16:53:14 [main] WARN  o.s.b.w.s.c.AnnotationConfigServletWebServerApplicationContext - Exception encountered during context initialization - cancelling refresh attempt: org.springframework.beans.factory.UnsatisfiedDependencyException: Error creating bean with name 'jobController' defined in file [C:\Users\samil\Desktop\Cosas de Samil Alberto\Certificados Samil\Cursos de Tecnología\ONE\Tech Avanced\Recruiting-Platform\server\target\classes\br\com\one\jobportal\controller\JobController.class]: Unsatisfied dependency expressed through constructor parameter 0: No qualifying bean of type 'br.com.one.jobportal.service.JobService' available: expected at least 1 bean which qualifies as autowire candidate. Dependency annotations: {}
2025-08-26 16:53:14 [main] INFO  o.s.o.j.LocalContainerEntityManagerFactoryBean - Closing JPA EntityManagerFactory for persistence unit 'default'
2025-08-26 16:53:14 [main] INFO  com.zaxxer.hikari.HikariDataSource - HikariPool-1 - Shutdown initiated...
2025-08-26 16:53:14 [main] INFO  com.zaxxer.hikari.HikariDataSource - HikariPool-1 - Shutdown completed.
2025-08-26 16:53:14 [main] INFO  o.a.catalina.core.StandardService - Stopping service [Tomcat]
2025-08-26 16:53:15 [main] INFO  o.s.b.a.l.ConditionEvaluationReportLogger - 

Error starting ApplicationContext. To display the condition evaluation report re-run your application with 'debug' enabled.
2025-08-26 16:53:15 [main] ERROR o.s.b.d.LoggingFailureAnalysisReporter - 

***************************
APPLICATION FAILED TO START
***************************

Description:

Parameter 0 of constructor in br.com.one.jobportal.controller.JobController required a bean of type 'br.com.one.jobportal.service.JobService' that could not be found.


Action:

Consider defining a bean of type 'br.com.one.jobportal.service.JobService' in your configuration.

2025-08-26 16:58:38 [main] INFO  b.c.o.j.RecruitingPlatformApplication - Starting RecruitingPlatformApplication using Java 22.0.1 with PID 17036 (C:\Users\samil\Desktop\Cosas de Samil Alberto\Certificados Samil\Cursos de Tecnología\ONE\Tech Avanced\Recruiting-Platform\server\target\classes started by samil in C:\Users\samil\Desktop\Cosas de Samil Alberto\Certificados Samil\Cursos de Tecnología\ONE\Tech Avanced\Recruiting-Platform)
2025-08-26 16:58:38 [main] INFO  b.c.o.j.RecruitingPlatformApplication - No active profile set, falling back to 1 default profile: "default"
2025-08-26 16:58:41 [main] INFO  o.s.d.r.c.RepositoryConfigurationDelegate - Bootstrapping Spring Data JPA repositories in DEFAULT mode.
2025-08-26 16:58:41 [main] INFO  o.s.d.r.c.RepositoryConfigurationDelegate - Finished Spring Data repository scanning in 213 ms. Found 3 JPA repository interfaces.
2025-08-26 16:58:43 [main] INFO  o.s.b.w.e.tomcat.TomcatWebServer - Tomcat initialized with port 5000 (http)
2025-08-26 16:58:43 [main] INFO  o.a.catalina.core.StandardService - Starting service [Tomcat]
2025-08-26 16:58:43 [main] INFO  o.a.catalina.core.StandardEngine - Starting Servlet engine: [Apache Tomcat/10.1.19]
2025-08-26 16:58:43 [main] INFO  o.a.c.c.C.[Tomcat].[localhost].[/] - Initializing Spring embedded WebApplicationContext
2025-08-26 16:58:43 [main] INFO  o.s.b.w.s.c.ServletWebServerApplicationContext - Root WebApplicationContext: initialization completed in 4931 ms
2025-08-26 16:58:44 [main] INFO  o.h.jpa.internal.util.LogHelper - HHH000204: Processing PersistenceUnitInfo [name: default]
2025-08-26 16:58:44 [main] INFO  org.hibernate.Version - HHH000412: Hibernate ORM core version 6.4.4.Final
2025-08-26 16:58:44 [main] INFO  o.h.c.i.RegionFactoryInitiator - HHH000026: Second-level cache disabled
2025-08-26 16:58:45 [main] INFO  o.s.o.j.p.SpringPersistenceUnitInfo - No LoadTimeWeaver setup: ignoring JPA class transformer
2025-08-26 16:58:45 [main] INFO  com.zaxxer.hikari.HikariDataSource - HikariPool-1 - Starting...
2025-08-26 16:58:46 [main] INFO  com.zaxxer.hikari.pool.HikariPool - HikariPool-1 - Added connection com.mysql.cj.jdbc.ConnectionImpl@2c8a445b
2025-08-26 16:58:46 [main] INFO  com.zaxxer.hikari.HikariDataSource - HikariPool-1 - Start completed.
2025-08-26 16:58:46 [main] WARN  org.hibernate.orm.deprecation - HHH90000025: MySQL8Dialect does not need to be specified explicitly using 'hibernate.dialect' (remove the property setting and it will be selected by default)
2025-08-26 16:58:46 [main] WARN  org.hibernate.orm.deprecation - HHH90000026: MySQL8Dialect has been deprecated; use org.hibernate.dialect.MySQLDialect instead
2025-08-26 16:58:49 [main] INFO  o.h.e.t.j.p.i.JtaPlatformInitiator - HHH000489: No JTA platform available (set 'hibernate.transaction.jta.platform' to enable JTA platform integration)
2025-08-26 16:58:49 [main] INFO  o.s.o.j.LocalContainerEntityManagerFactoryBean - Initialized JPA EntityManagerFactory for persistence unit 'default'
2025-08-26 16:58:51 [main] WARN  o.s.b.a.s.s.UserDetailsServiceAutoConfiguration - 

Using generated security password: d2aaa699-6afd-4c9f-a4a0-9223a5d773bd

This generated password is for development use only. Your security configuration must be updated before running your application in production.

2025-08-26 16:58:51 [main] INFO  o.s.s.web.DefaultSecurityFilterChain - Will secure any request with [org.springframework.security.web.session.DisableEncodeUrlFilter@3733b1f4, org.springframework.security.web.context.request.async.WebAsyncManagerIntegrationFilter@70f0c352, org.springframework.security.web.context.SecurityContextHolderFilter@779cb140, org.springframework.security.web.header.HeaderWriterFilter@2370c90, org.springframework.web.filter.CorsFilter@4e93d23e, org.springframework.security.web.authentication.logout.LogoutFilter@318a81a0, org.springframework.security.web.savedrequest.RequestCacheAwareFilter@70a91d72, org.springframework.security.web.servletapi.SecurityContextHolderAwareRequestFilter@52a9db63, org.springframework.security.web.authentication.AnonymousAuthenticationFilter@743b7025, org.springframework.security.web.session.SessionManagementFilter@92775a3, org.springframework.security.web.access.ExceptionTranslationFilter@1e9a10e9, org.springframework.security.web.access.intercept.AuthorizationFilter@6c056020]
2025-08-26 16:58:52 [main] INFO  o.s.b.w.e.tomcat.TomcatWebServer - Tomcat started on port 5000 (http) with context path ''
2025-08-26 16:58:52 [main] INFO  b.c.o.j.RecruitingPlatformApplication - Started RecruitingPlatformApplication in 15.64 seconds (process running for 17.168)
2025-08-26 17:00:21 [http-nio-5000-exec-2] INFO  o.a.c.c.C.[Tomcat].[localhost].[/] - Initializing Spring DispatcherServlet 'dispatcherServlet'
2025-08-26 17:00:21 [http-nio-5000-exec-2] INFO  o.s.web.servlet.DispatcherServlet - Initializing Servlet 'dispatcherServlet'
2025-08-26 17:00:21 [http-nio-5000-exec-2] INFO  o.s.web.servlet.DispatcherServlet - Completed initialization in 7 ms
2025-08-26 17:00:21 [http-nio-5000-exec-2] WARN  o.s.w.s.m.s.DefaultHandlerExceptionResolver - Resolved [org.springframework.http.converter.HttpMessageNotReadableException: JSON parse error: Unexpected character ('#' (code 35)): expected a valid value (JSON String, Number, Array, Object or token 'null', 'true' or 'false')]
2025-08-26 17:07:17 [http-nio-5000-exec-8] DEBUG org.hibernate.SQL - 
    select
        u1_0.id 
    from
        users u1_0 
    where
        u1_0.email=? 
    limit
        ?
2025-08-26 17:07:17 [http-nio-5000-exec-8] DEBUG org.hibernate.SQL - 
    insert 
    into
        users
        (active, company, created_at, email, name, password, phone, resume, role, updated_at) 
    values
        (?, ?, ?, ?, ?, ?, ?, ?, ?, ?)
2025-08-26 17:08:20 [http-nio-5000-exec-1] DEBUG org.hibernate.SQL - 
    select
        u1_0.id 
    from
        users u1_0 
    where
        u1_0.email=? 
    limit
        ?
2025-08-26 17:08:20 [http-nio-5000-exec-1] DEBUG org.hibernate.SQL - 
    insert 
    into
        users
        (active, company, created_at, email, name, password, phone, resume, role, updated_at) 
    values
        (?, ?, ?, ?, ?, ?, ?, ?, ?, ?)
2025-08-26 17:09:09 [http-nio-5000-exec-2] DEBUG org.hibernate.SQL - 
    select
        u1_0.id,
        u1_0.active,
        u1_0.company,
        u1_0.created_at,
        u1_0.email,
        u1_0.name,
        u1_0.password,
        u1_0.phone,
        u1_0.resume,
        u1_0.role,
        u1_0.updated_at 
    from
        users u1_0 
    where
        u1_0.email=?
2025-08-26 17:21:13 [http-nio-5000-exec-4] DEBUG org.hibernate.SQL - 
    select
        u1_0.id 
    from
        users u1_0 
    where
        u1_0.email=? 
    limit
        ?
2025-08-26 17:21:13 [http-nio-5000-exec-4] DEBUG org.hibernate.SQL - 
    insert 
    into
        users
        (active, company, created_at, email, name, password, phone, resume, role, updated_at) 
    values
        (?, ?, ?, ?, ?, ?, ?, ?, ?, ?)
2025-08-26 17:25:33 [http-nio-5000-exec-7] DEBUG org.hibernate.SQL - 
    select
        u1_0.id 
    from
        users u1_0 
    where
        u1_0.email=? 
    limit
        ?
2025-08-26 17:25:33 [http-nio-5000-exec-7] DEBUG org.hibernate.SQL - 
    insert 
    into
        users
        (active, company, created_at, email, name, password, phone, resume, role, updated_at) 
    values
        (?, ?, ?, ?, ?, ?, ?, ?, ?, ?)
2025-08-26 17:29:00 [SpringApplicationShutdownHook] INFO  o.s.o.j.LocalContainerEntityManagerFactoryBean - Closing JPA EntityManagerFactory for persistence unit 'default'
2025-08-26 17:29:00 [SpringApplicationShutdownHook] INFO  com.zaxxer.hikari.HikariDataSource - HikariPool-1 - Shutdown initiated...
2025-08-26 17:29:00 [SpringApplicationShutdownHook] INFO  com.zaxxer.hikari.HikariDataSource - HikariPool-1 - Shutdown completed.
